<?xml version="1.0" encoding="UTF-8"?>
<!-- Generated by org.testng.reporters.JUnitReportReporter -->
<testsuite hostname="DESKTOP-4ISBQEN" failures="0" tests="1" name="org.example.UserLoginTest" time="8.835" errors="0" timestamp="2023-09-26T10:50:36 IST" skipped="0">
  <testcase classname="org.example.UserLoginTest" name="userLogin" time="8.835"/>
</testsuite> <!-- org.example.UserLoginTest -->
