<?xml version="1.0" encoding="UTF-8"?>
<!-- Generated by org.testng.reporters.JUnitReportReporter -->
<testsuite hostname="DESKTOP-4ISBQEN" failures="0" tests="1" name="org.example.AdminLoginTest" time="13.055" errors="0" timestamp="2023-09-26T10:50:36 IST" skipped="0">
  <testcase classname="org.example.AdminLoginTest" name="adminLogin" time="13.055"/>
</testsuite> <!-- org.example.AdminLoginTest -->
