<?xml version="1.0" encoding="UTF-8"?>
<!-- Generated by org.testng.reporters.JUnitReportReporter -->
<testsuite hostname="DESKTOP-4ISBQEN" failures="0" tests="1" name="Attributes.DependencyAttribute" time="5.009" errors="0" timestamp="2023-09-26T11:45:11 IST" skipped="0">
  <testcase classname="Attributes.DependencyAttribute" name="OpenAmazonWebsite" time="5.009"/>
</testsuite> <!-- Attributes.DependencyAttribute -->
