<?xml version="1.0" encoding="UTF-8"?>
<!-- Generated by org.testng.reporters.JUnitReportReporter -->
<testsuite hostname="DESKTOP-4ISBQEN" failures="0" tests="1" name="org.example.DependencyAttribute" time="5.008" errors="0" timestamp="2023-09-26T11:12:23 IST" skipped="0">
  <testcase classname="org.example.DependencyAttribute" name="OpenAmazonWebsite" time="5.008"/>
</testsuite> <!-- org.example.DependencyAttribute -->
